2019-11-04 11:13:12.581  INFO 4120 --- [main] com.hykj.mono.MonoApplication            : Starting MonoApplication on DESKTOP-L5BR8GQ with PID 4120 (D:\JavaWooks\MoNo\target\classes started by white in D:\JavaWooks\MoNo)
2019-11-04 11:13:12.591  INFO 4120 --- [main] com.hykj.mono.MonoApplication            : No active profile set, falling back to default profiles: default
2019-11-04 11:13:14.397  WARN 4120 --- [main] o.m.s.mapper.ClassPathMapperScanner      : No MyBatis mapper was found in '[com.hykj.mono]' package. Please check your configuration.
2019-11-04 11:13:14.481  INFO 4120 --- [main] .s.d.r.c.RepositoryConfigurationDelegate : Multiple Spring Data modules found, entering strict repository configuration mode!
2019-11-04 11:13:14.484  INFO 4120 --- [main] .s.d.r.c.RepositoryConfigurationDelegate : Bootstrapping Spring Data repositories in DEFAULT mode.
2019-11-04 11:13:14.523  INFO 4120 --- [main] .s.d.r.c.RepositoryConfigurationDelegate : Finished Spring Data repository scanning in 16ms. Found 0 repository interfaces.
2019-11-04 11:13:14.873  INFO 4120 --- [main] trationDelegate$BeanPostProcessorChecker : Bean 'org.apache.shiro.spring.boot.autoconfigure.ShiroBeanAutoConfiguration' of type [org.apache.shiro.spring.boot.autoconfigure.ShiroBeanAutoConfiguration$$EnhancerBySpringCGLIB$$8bf72340] is not eligible for getting processed by all BeanPostProcessors (for example: not eligible for auto-proxying)
2019-11-04 11:13:14.910  INFO 4120 --- [main] trationDelegate$BeanPostProcessorChecker : Bean 'org.apache.shiro.spring.boot.autoconfigure.ShiroAnnotationProcessorAutoConfiguration' of type [org.apache.shiro.spring.boot.autoconfigure.ShiroAnnotationProcessorAutoConfiguration$$EnhancerBySpringCGLIB$$8e8a61e5] is not eligible for getting processed by all BeanPostProcessors (for example: not eligible for auto-proxying)
2019-11-04 11:13:14.930  INFO 4120 --- [main] trationDelegate$BeanPostProcessorChecker : Bean 'shiroConfig' of type [com.hykj.mono.config.ShiroConfig$$EnhancerBySpringCGLIB$$4e6fc056] is not eligible for getting processed by all BeanPostProcessors (for example: not eligible for auto-proxying)
2019-11-04 11:13:14.938  INFO 4120 --- [main] trationDelegate$BeanPostProcessorChecker : Bean 'org.springframework.transaction.annotation.ProxyTransactionManagementConfiguration' of type [org.springframework.transaction.annotation.ProxyTransactionManagementConfiguration] is not eligible for getting processed by all BeanPostProcessors (for example: not eligible for auto-proxying)
2019-11-04 11:13:14.948  INFO 4120 --- [main] trationDelegate$BeanPostProcessorChecker : Bean 'myRealm' of type [com.hykj.mono.shiro.MyRealm] is not eligible for getting processed by all BeanPostProcessors (for example: not eligible for auto-proxying)
2019-11-04 11:13:15.355  INFO 4120 --- [main] trationDelegate$BeanPostProcessorChecker : Bean 'createSM' of type [org.apache.shiro.web.mgt.DefaultWebSecurityManager] is not eligible for getting processed by all BeanPostProcessors (for example: not eligible for auto-proxying)
2019-11-04 11:13:15.363  INFO 4120 --- [main] trationDelegate$BeanPostProcessorChecker : Bean 'authorizationAttributeSourceAdvisor' of type [org.apache.shiro.spring.security.interceptor.AuthorizationAttributeSourceAdvisor] is not eligible for getting processed by all BeanPostProcessors (for example: not eligible for auto-proxying)
2019-11-04 11:13:15.397  INFO 4120 --- [main] trationDelegate$BeanPostProcessorChecker : Bean 'eventBus' of type [org.apache.shiro.event.support.DefaultEventBus] is not eligible for getting processed by all BeanPostProcessors (for example: not eligible for auto-proxying)
2019-11-04 11:13:15.685  INFO 4120 --- [main] o.s.b.w.embedded.tomcat.TomcatWebServer  : Tomcat initialized with port(s): 8080 (http)
2019-11-04 11:13:15.694  INFO 4120 --- [main] o.apache.catalina.core.StandardService   : Starting service [Tomcat]
2019-11-04 11:13:15.694  INFO 4120 --- [main] org.apache.catalina.core.StandardEngine  : Starting Servlet engine: [Apache Tomcat/9.0.27]
2019-11-04 11:13:15.787  INFO 4120 --- [main] o.a.c.c.C.[Tomcat].[localhost].[/]       : Initializing Spring embedded WebApplicationContext
2019-11-04 11:13:15.787  INFO 4120 --- [main] o.s.web.context.ContextLoader            : Root WebApplicationContext: initialization completed in 2988 ms
2019-11-04 11:13:16.264  INFO 4120 --- [main] com.alibaba.druid.pool.DruidDataSource   : {dataSource-1} inited
2019-11-04 11:13:17.200  INFO 4120 --- [main] com.hykj.mono.config.RedisConfig         : JedisPool注入成功！！
2019-11-04 11:13:17.201  INFO 4120 --- [main] com.hykj.mono.config.RedisConfig         : redis地址：localhost:6379
2019-11-04 11:13:17.965  INFO 4120 --- [main] pertySourcedRequestMappingHandlerMapping : Mapped URL path [/v2/api-docs] onto method [springfox.documentation.swagger2.web.Swagger2Controller#getDocumentation(String, HttpServletRequest)]
2019-11-04 11:13:18.117  INFO 4120 --- [main] o.s.s.concurrent.ThreadPoolTaskExecutor  : Initializing ExecutorService 'applicationTaskExecutor'
2019-11-04 11:13:19.312  INFO 4120 --- [main] d.s.w.p.DocumentationPluginsBootstrapper : Context refreshed
2019-11-04 11:13:19.341  INFO 4120 --- [main] d.s.w.p.DocumentationPluginsBootstrapper : Found 1 custom documentation plugin(s)
2019-11-04 11:13:19.392  INFO 4120 --- [main] s.d.s.w.s.ApiListingReferenceScanner     : Scanning for api listing references
2019-11-04 11:13:19.697  INFO 4120 --- [main] o.s.b.w.embedded.tomcat.TomcatWebServer  : Tomcat started on port(s): 8080 (http) with context path ''
2019-11-04 11:13:19.700  INFO 4120 --- [main] com.hykj.mono.MonoApplication            : Started MonoApplication in 7.774 seconds (JVM running for 9.476)
2019-11-04 11:13:39.975  INFO 4120 --- [http-nio-8080-exec-1] o.a.c.c.C.[Tomcat].[localhost].[/]       : Initializing Spring DispatcherServlet 'dispatcherServlet'
2019-11-04 11:13:39.976  INFO 4120 --- [http-nio-8080-exec-1] o.s.web.servlet.DispatcherServlet        : Initializing Servlet 'dispatcherServlet'
2019-11-04 11:13:39.988  INFO 4120 --- [http-nio-8080-exec-1] o.s.web.servlet.DispatcherServlet        : Completed initialization in 12 ms
2019-11-04 11:33:19.417  INFO 13796 --- [main] com.hykj.mono.MonoApplication            : Starting MonoApplication on DESKTOP-L5BR8GQ with PID 13796 (D:\JavaWooks\MoNo\target\classes started by white in D:\JavaWooks\MoNo)
2019-11-04 11:33:19.423  INFO 13796 --- [main] com.hykj.mono.MonoApplication            : No active profile set, falling back to default profiles: default
2019-11-04 11:33:20.798  WARN 13796 --- [main] o.m.s.mapper.ClassPathMapperScanner      : No MyBatis mapper was found in '[com.hykj.mono]' package. Please check your configuration.
2019-11-04 11:33:20.867  INFO 13796 --- [main] .s.d.r.c.RepositoryConfigurationDelegate : Multiple Spring Data modules found, entering strict repository configuration mode!
2019-11-04 11:33:20.869  INFO 13796 --- [main] .s.d.r.c.RepositoryConfigurationDelegate : Bootstrapping Spring Data repositories in DEFAULT mode.
2019-11-04 11:33:20.895  INFO 13796 --- [main] .s.d.r.c.RepositoryConfigurationDelegate : Finished Spring Data repository scanning in 11ms. Found 0 repository interfaces.
2019-11-04 11:33:21.157  INFO 13796 --- [main] trationDelegate$BeanPostProcessorChecker : Bean 'org.apache.shiro.spring.boot.autoconfigure.ShiroBeanAutoConfiguration' of type [org.apache.shiro.spring.boot.autoconfigure.ShiroBeanAutoConfiguration$$EnhancerBySpringCGLIB$$155c8b4a] is not eligible for getting processed by all BeanPostProcessors (for example: not eligible for auto-proxying)
2019-11-04 11:33:21.191  INFO 13796 --- [main] trationDelegate$BeanPostProcessorChecker : Bean 'org.apache.shiro.spring.boot.autoconfigure.ShiroAnnotationProcessorAutoConfiguration' of type [org.apache.shiro.spring.boot.autoconfigure.ShiroAnnotationProcessorAutoConfiguration$$EnhancerBySpringCGLIB$$17efc9ef] is not eligible for getting processed by all BeanPostProcessors (for example: not eligible for auto-proxying)
2019-11-04 11:33:21.213  INFO 13796 --- [main] trationDelegate$BeanPostProcessorChecker : Bean 'shiroConfig' of type [com.hykj.mono.config.ShiroConfig$$EnhancerBySpringCGLIB$$d7d52860] is not eligible for getting processed by all BeanPostProcessors (for example: not eligible for auto-proxying)
2019-11-04 11:33:21.220  INFO 13796 --- [main] trationDelegate$BeanPostProcessorChecker : Bean 'org.springframework.transaction.annotation.ProxyTransactionManagementConfiguration' of type [org.springframework.transaction.annotation.ProxyTransactionManagementConfiguration] is not eligible for getting processed by all BeanPostProcessors (for example: not eligible for auto-proxying)
2019-11-04 11:33:21.228  INFO 13796 --- [main] trationDelegate$BeanPostProcessorChecker : Bean 'myRealm' of type [com.hykj.mono.shiro.MyRealm] is not eligible for getting processed by all BeanPostProcessors (for example: not eligible for auto-proxying)
2019-11-04 11:33:21.526  INFO 13796 --- [main] trationDelegate$BeanPostProcessorChecker : Bean 'createSM' of type [org.apache.shiro.web.mgt.DefaultWebSecurityManager] is not eligible for getting processed by all BeanPostProcessors (for example: not eligible for auto-proxying)
2019-11-04 11:33:21.533  INFO 13796 --- [main] trationDelegate$BeanPostProcessorChecker : Bean 'authorizationAttributeSourceAdvisor' of type [org.apache.shiro.spring.security.interceptor.AuthorizationAttributeSourceAdvisor] is not eligible for getting processed by all BeanPostProcessors (for example: not eligible for auto-proxying)
2019-11-04 11:33:21.564  INFO 13796 --- [main] trationDelegate$BeanPostProcessorChecker : Bean 'eventBus' of type [org.apache.shiro.event.support.DefaultEventBus] is not eligible for getting processed by all BeanPostProcessors (for example: not eligible for auto-proxying)
2019-11-04 11:33:21.790  INFO 13796 --- [main] o.s.b.w.embedded.tomcat.TomcatWebServer  : Tomcat initialized with port(s): 8080 (http)
2019-11-04 11:33:21.799  INFO 13796 --- [main] o.apache.catalina.core.StandardService   : Starting service [Tomcat]
2019-11-04 11:33:21.800  INFO 13796 --- [main] org.apache.catalina.core.StandardEngine  : Starting Servlet engine: [Apache Tomcat/9.0.27]
2019-11-04 11:33:21.894  INFO 13796 --- [main] o.a.c.c.C.[Tomcat].[localhost].[/]       : Initializing Spring embedded WebApplicationContext
2019-11-04 11:33:21.895  INFO 13796 --- [main] o.s.web.context.ContextLoader            : Root WebApplicationContext: initialization completed in 2343 ms
2019-11-04 11:33:22.348  INFO 13796 --- [main] com.alibaba.druid.pool.DruidDataSource   : {dataSource-1} inited
2019-11-04 11:33:23.282  INFO 13796 --- [main] com.hykj.mono.config.RedisConfig         : JedisPool注入成功！！
2019-11-04 11:33:23.283  INFO 13796 --- [main] com.hykj.mono.config.RedisConfig         : redis地址：localhost:6379
2019-11-04 11:33:23.966  INFO 13796 --- [main] pertySourcedRequestMappingHandlerMapping : Mapped URL path [/v2/api-docs] onto method [springfox.documentation.swagger2.web.Swagger2Controller#getDocumentation(String, HttpServletRequest)]
2019-11-04 11:33:24.119  INFO 13796 --- [main] o.s.s.concurrent.ThreadPoolTaskExecutor  : Initializing ExecutorService 'applicationTaskExecutor'
2019-11-04 11:33:24.686  INFO 13796 --- [main] d.s.w.p.DocumentationPluginsBootstrapper : Context refreshed
2019-11-04 11:33:24.700  INFO 13796 --- [main] d.s.w.p.DocumentationPluginsBootstrapper : Found 1 custom documentation plugin(s)
2019-11-04 11:33:24.728  INFO 13796 --- [main] s.d.s.w.s.ApiListingReferenceScanner     : Scanning for api listing references
2019-11-04 11:33:24.992  INFO 13796 --- [main] o.s.b.w.embedded.tomcat.TomcatWebServer  : Tomcat started on port(s): 8080 (http) with context path ''
2019-11-04 11:33:24.995  INFO 13796 --- [main] com.hykj.mono.MonoApplication            : Started MonoApplication in 6.136 seconds (JVM running for 7.248)
2019-11-04 11:33:50.923  INFO 13796 --- [http-nio-8080-exec-1] o.a.c.c.C.[Tomcat].[localhost].[/]       : Initializing Spring DispatcherServlet 'dispatcherServlet'
2019-11-04 11:33:50.923  INFO 13796 --- [http-nio-8080-exec-1] o.s.web.servlet.DispatcherServlet        : Initializing Servlet 'dispatcherServlet'
2019-11-04 11:33:50.935  INFO 13796 --- [http-nio-8080-exec-1] o.s.web.servlet.DispatcherServlet        : Completed initialization in 11 ms
2019-11-04 11:35:08.332  INFO 1208 --- [main] com.hykj.mono.MonoApplication            : Starting MonoApplication on DESKTOP-L5BR8GQ with PID 1208 (D:\JavaWooks\MoNo\target\classes started by white in D:\JavaWooks\MoNo)
2019-11-04 11:35:08.336  INFO 1208 --- [main] com.hykj.mono.MonoApplication            : No active profile set, falling back to default profiles: default
2019-11-04 11:35:09.649  WARN 1208 --- [main] o.m.s.mapper.ClassPathMapperScanner      : No MyBatis mapper was found in '[com.hykj.mono]' package. Please check your configuration.
2019-11-04 11:35:09.743  INFO 1208 --- [main] .s.d.r.c.RepositoryConfigurationDelegate : Multiple Spring Data modules found, entering strict repository configuration mode!
2019-11-04 11:35:09.746  INFO 1208 --- [main] .s.d.r.c.RepositoryConfigurationDelegate : Bootstrapping Spring Data repositories in DEFAULT mode.
2019-11-04 11:35:09.774  INFO 1208 --- [main] .s.d.r.c.RepositoryConfigurationDelegate : Finished Spring Data repository scanning in 10ms. Found 0 repository interfaces.
2019-11-04 11:35:10.024  INFO 1208 --- [main] trationDelegate$BeanPostProcessorChecker : Bean 'org.apache.shiro.spring.boot.autoconfigure.ShiroBeanAutoConfiguration' of type [org.apache.shiro.spring.boot.autoconfigure.ShiroBeanAutoConfiguration$$EnhancerBySpringCGLIB$$9ba5d891] is not eligible for getting processed by all BeanPostProcessors (for example: not eligible for auto-proxying)
2019-11-04 11:35:10.070  INFO 1208 --- [main] trationDelegate$BeanPostProcessorChecker : Bean 'org.apache.shiro.spring.boot.autoconfigure.ShiroAnnotationProcessorAutoConfiguration' of type [org.apache.shiro.spring.boot.autoconfigure.ShiroAnnotationProcessorAutoConfiguration$$EnhancerBySpringCGLIB$$9e391736] is not eligible for getting processed by all BeanPostProcessors (for example: not eligible for auto-proxying)
2019-11-04 11:35:10.097  INFO 1208 --- [main] trationDelegate$BeanPostProcessorChecker : Bean 'shiroConfig' of type [com.hykj.mono.config.ShiroConfig$$EnhancerBySpringCGLIB$$5e1e75a7] is not eligible for getting processed by all BeanPostProcessors (for example: not eligible for auto-proxying)
2019-11-04 11:35:10.105  INFO 1208 --- [main] trationDelegate$BeanPostProcessorChecker : Bean 'org.springframework.transaction.annotation.ProxyTransactionManagementConfiguration' of type [org.springframework.transaction.annotation.ProxyTransactionManagementConfiguration] is not eligible for getting processed by all BeanPostProcessors (for example: not eligible for auto-proxying)
2019-11-04 11:35:10.113  INFO 1208 --- [main] trationDelegate$BeanPostProcessorChecker : Bean 'myRealm' of type [com.hykj.mono.shiro.MyRealm] is not eligible for getting processed by all BeanPostProcessors (for example: not eligible for auto-proxying)
2019-11-04 11:35:10.415  INFO 1208 --- [main] trationDelegate$BeanPostProcessorChecker : Bean 'createSM' of type [org.apache.shiro.web.mgt.DefaultWebSecurityManager] is not eligible for getting processed by all BeanPostProcessors (for example: not eligible for auto-proxying)
2019-11-04 11:35:10.422  INFO 1208 --- [main] trationDelegate$BeanPostProcessorChecker : Bean 'authorizationAttributeSourceAdvisor' of type [org.apache.shiro.spring.security.interceptor.AuthorizationAttributeSourceAdvisor] is not eligible for getting processed by all BeanPostProcessors (for example: not eligible for auto-proxying)
2019-11-04 11:35:10.453  INFO 1208 --- [main] trationDelegate$BeanPostProcessorChecker : Bean 'eventBus' of type [org.apache.shiro.event.support.DefaultEventBus] is not eligible for getting processed by all BeanPostProcessors (for example: not eligible for auto-proxying)
2019-11-04 11:35:10.671  INFO 1208 --- [main] o.s.b.w.embedded.tomcat.TomcatWebServer  : Tomcat initialized with port(s): 8080 (http)
2019-11-04 11:35:10.681  INFO 1208 --- [main] o.apache.catalina.core.StandardService   : Starting service [Tomcat]
2019-11-04 11:35:10.682  INFO 1208 --- [main] org.apache.catalina.core.StandardEngine  : Starting Servlet engine: [Apache Tomcat/9.0.27]
2019-11-04 11:35:10.764  INFO 1208 --- [main] o.a.c.c.C.[Tomcat].[localhost].[/]       : Initializing Spring embedded WebApplicationContext
2019-11-04 11:35:10.765  INFO 1208 --- [main] o.s.web.context.ContextLoader            : Root WebApplicationContext: initialization completed in 2353 ms
2019-11-04 11:35:11.176  INFO 1208 --- [main] com.alibaba.druid.pool.DruidDataSource   : {dataSource-1} inited
2019-11-04 11:35:12.055  INFO 1208 --- [main] com.hykj.mono.config.RedisConfig         : JedisPool注入成功！！
2019-11-04 11:35:12.055  INFO 1208 --- [main] com.hykj.mono.config.RedisConfig         : redis地址：localhost:6379
2019-11-04 11:35:12.893  INFO 1208 --- [main] pertySourcedRequestMappingHandlerMapping : Mapped URL path [/v2/api-docs] onto method [springfox.documentation.swagger2.web.Swagger2Controller#getDocumentation(String, HttpServletRequest)]
2019-11-04 11:35:13.067  INFO 1208 --- [main] o.s.s.concurrent.ThreadPoolTaskExecutor  : Initializing ExecutorService 'applicationTaskExecutor'
2019-11-04 11:35:13.738  INFO 1208 --- [main] d.s.w.p.DocumentationPluginsBootstrapper : Context refreshed
2019-11-04 11:35:13.753  INFO 1208 --- [main] d.s.w.p.DocumentationPluginsBootstrapper : Found 1 custom documentation plugin(s)
2019-11-04 11:35:13.800  INFO 1208 --- [main] s.d.s.w.s.ApiListingReferenceScanner     : Scanning for api listing references
2019-11-04 11:35:14.041  INFO 1208 --- [main] o.s.b.w.embedded.tomcat.TomcatWebServer  : Tomcat started on port(s): 8080 (http) with context path ''
2019-11-04 11:35:14.044  INFO 1208 --- [main] com.hykj.mono.MonoApplication            : Started MonoApplication in 6.253 seconds (JVM running for 7.5)
2019-11-04 11:35:17.890  INFO 1208 --- [http-nio-8080-exec-1] o.a.c.c.C.[Tomcat].[localhost].[/]       : Initializing Spring DispatcherServlet 'dispatcherServlet'
2019-11-04 11:35:17.890  INFO 1208 --- [http-nio-8080-exec-1] o.s.web.servlet.DispatcherServlet        : Initializing Servlet 'dispatcherServlet'
2019-11-04 11:35:17.901  INFO 1208 --- [http-nio-8080-exec-1] o.s.web.servlet.DispatcherServlet        : Completed initialization in 10 ms
2019-11-04 11:38:44.356  INFO 11968 --- [main] com.hykj.mono.MonoApplication            : Starting MonoApplication on DESKTOP-L5BR8GQ with PID 11968 (D:\JavaWooks\MoNo\target\classes started by white in D:\JavaWooks\MoNo)
2019-11-04 11:38:44.361  INFO 11968 --- [main] com.hykj.mono.MonoApplication            : No active profile set, falling back to default profiles: default
2019-11-04 11:38:45.767  WARN 11968 --- [main] o.m.s.mapper.ClassPathMapperScanner      : No MyBatis mapper was found in '[com.hykj.mono]' package. Please check your configuration.
2019-11-04 11:38:45.855  INFO 11968 --- [main] .s.d.r.c.RepositoryConfigurationDelegate : Multiple Spring Data modules found, entering strict repository configuration mode!
2019-11-04 11:38:45.858  INFO 11968 --- [main] .s.d.r.c.RepositoryConfigurationDelegate : Bootstrapping Spring Data repositories in DEFAULT mode.
2019-11-04 11:38:45.889  INFO 11968 --- [main] .s.d.r.c.RepositoryConfigurationDelegate : Finished Spring Data repository scanning in 13ms. Found 0 repository interfaces.
2019-11-04 11:38:46.204  INFO 11968 --- [main] trationDelegate$BeanPostProcessorChecker : Bean 'org.apache.shiro.spring.boot.autoconfigure.ShiroBeanAutoConfiguration' of type [org.apache.shiro.spring.boot.autoconfigure.ShiroBeanAutoConfiguration$$EnhancerBySpringCGLIB$$b92f63a4] is not eligible for getting processed by all BeanPostProcessors (for example: not eligible for auto-proxying)
2019-11-04 11:38:46.253  INFO 11968 --- [main] trationDelegate$BeanPostProcessorChecker : Bean 'org.apache.shiro.spring.boot.autoconfigure.ShiroAnnotationProcessorAutoConfiguration' of type [org.apache.shiro.spring.boot.autoconfigure.ShiroAnnotationProcessorAutoConfiguration$$EnhancerBySpringCGLIB$$bbc2a249] is not eligible for getting processed by all BeanPostProcessors (for example: not eligible for auto-proxying)
2019-11-04 11:38:46.282  INFO 11968 --- [main] trationDelegate$BeanPostProcessorChecker : Bean 'shiroConfig' of type [com.hykj.mono.config.ShiroConfig$$EnhancerBySpringCGLIB$$7ba800ba] is not eligible for getting processed by all BeanPostProcessors (for example: not eligible for auto-proxying)
2019-11-04 11:38:46.293  INFO 11968 --- [main] trationDelegate$BeanPostProcessorChecker : Bean 'org.springframework.transaction.annotation.ProxyTransactionManagementConfiguration' of type [org.springframework.transaction.annotation.ProxyTransactionManagementConfiguration] is not eligible for getting processed by all BeanPostProcessors (for example: not eligible for auto-proxying)
2019-11-04 11:38:46.303  INFO 11968 --- [main] trationDelegate$BeanPostProcessorChecker : Bean 'myRealm' of type [com.hykj.mono.shiro.MyRealm] is not eligible for getting processed by all BeanPostProcessors (for example: not eligible for auto-proxying)
2019-11-04 11:38:46.617  INFO 11968 --- [main] trationDelegate$BeanPostProcessorChecker : Bean 'createSM' of type [org.apache.shiro.web.mgt.DefaultWebSecurityManager] is not eligible for getting processed by all BeanPostProcessors (for example: not eligible for auto-proxying)
2019-11-04 11:38:46.623  INFO 11968 --- [main] trationDelegate$BeanPostProcessorChecker : Bean 'authorizationAttributeSourceAdvisor' of type [org.apache.shiro.spring.security.interceptor.AuthorizationAttributeSourceAdvisor] is not eligible for getting processed by all BeanPostProcessors (for example: not eligible for auto-proxying)
2019-11-04 11:38:46.659  INFO 11968 --- [main] trationDelegate$BeanPostProcessorChecker : Bean 'eventBus' of type [org.apache.shiro.event.support.DefaultEventBus] is not eligible for getting processed by all BeanPostProcessors (for example: not eligible for auto-proxying)
2019-11-04 11:38:46.937  INFO 11968 --- [main] o.s.b.w.embedded.tomcat.TomcatWebServer  : Tomcat initialized with port(s): 8080 (http)
2019-11-04 11:38:46.946  INFO 11968 --- [main] o.apache.catalina.core.StandardService   : Starting service [Tomcat]
2019-11-04 11:38:46.947  INFO 11968 --- [main] org.apache.catalina.core.StandardEngine  : Starting Servlet engine: [Apache Tomcat/9.0.27]
2019-11-04 11:38:47.039  INFO 11968 --- [main] o.a.c.c.C.[Tomcat].[localhost].[/]       : Initializing Spring embedded WebApplicationContext
2019-11-04 11:38:47.039  INFO 11968 --- [main] o.s.web.context.ContextLoader            : Root WebApplicationContext: initialization completed in 2576 ms
2019-11-04 11:38:47.485  INFO 11968 --- [main] com.alibaba.druid.pool.DruidDataSource   : {dataSource-1} inited
2019-11-04 11:38:48.386  INFO 11968 --- [main] com.hykj.mono.config.RedisConfig         : JedisPool注入成功！！
2019-11-04 11:38:48.387  INFO 11968 --- [main] com.hykj.mono.config.RedisConfig         : redis地址：localhost:6379
2019-11-04 11:38:49.044  INFO 11968 --- [main] pertySourcedRequestMappingHandlerMapping : Mapped URL path [/v2/api-docs] onto method [springfox.documentation.swagger2.web.Swagger2Controller#getDocumentation(String, HttpServletRequest)]
2019-11-04 11:38:49.163  INFO 11968 --- [main] o.s.s.concurrent.ThreadPoolTaskExecutor  : Initializing ExecutorService 'applicationTaskExecutor'
2019-11-04 11:38:49.763  INFO 11968 --- [main] d.s.w.p.DocumentationPluginsBootstrapper : Context refreshed
2019-11-04 11:38:49.780  INFO 11968 --- [main] d.s.w.p.DocumentationPluginsBootstrapper : Found 1 custom documentation plugin(s)
2019-11-04 11:38:49.826  INFO 11968 --- [main] s.d.s.w.s.ApiListingReferenceScanner     : Scanning for api listing references
2019-11-04 11:38:50.087  INFO 11968 --- [main] o.s.b.w.embedded.tomcat.TomcatWebServer  : Tomcat started on port(s): 8080 (http) with context path ''
2019-11-04 11:38:50.090  INFO 11968 --- [main] com.hykj.mono.MonoApplication            : Started MonoApplication in 6.248 seconds (JVM running for 7.377)
2019-11-04 11:38:56.034  INFO 11968 --- [http-nio-8080-exec-1] o.a.c.c.C.[Tomcat].[localhost].[/]       : Initializing Spring DispatcherServlet 'dispatcherServlet'
2019-11-04 11:38:56.034  INFO 11968 --- [http-nio-8080-exec-1] o.s.web.servlet.DispatcherServlet        : Initializing Servlet 'dispatcherServlet'
2019-11-04 11:38:56.049  INFO 11968 --- [http-nio-8080-exec-1] o.s.web.servlet.DispatcherServlet        : Completed initialization in 15 ms
